[Info  - 7:37:52 a. m.] 4782 files total
[Info  - 7:37:52 a. m.] Indexing project for definitions and static references
Parsing file:///home/jfvilladiego/proyectos_laravel/cotizaciones_vcb_laravel/storage/framework/views/ed2a0ffce4d11e9f6dfc42cf4c712a86b6f0a0ab.php
Parsing file:///home/jfvilladiego/proyectos_laravel/cotizaciones_vcb_laravel/storage/framework/views/b47db4e7986199baf2dcd071f0704250bd055839.php
Parsing file:///home/jfvilladiego/proyectos_laravel/cotizaciones_vcb_laravel/storage/framework/views/41ce24a7a3921f70b7a08bbb199489f761eeed2f.php
Parsing file:///home/jfvilladiego/proyectos_laravel/cotizaciones_vcb_laravel/storage/framework/views/da0dd4c7e5d18a15af2ec1092a9e0702ea21176a.php
Parsing file:///home/jfvilladiego/proyectos_laravel/cotizaciones_vcb_laravel/storage/framework/views/1c74f8961f384b11da0ed8cbdb56ab8853f7d9d1.php
Parsing file:///home/jfvilladiego/proyectos_laravel/cotizaciones_vcb_laravel/storage/framework/views/e68ee1e0d784300e12926ef20fd156cc31cf559f.php
Parsing file:///home/jfvilladiego/proyectos_laravel/cotizaciones_vcb_laravel/storage/framework/views/e4093ab8a81f5a58f774a0f1ba42c4f1038041e3.php
Parsing file:///home/jfvilladiego/proyectos_laravel/cotizaciones_vcb_laravel/storage/framework/views/e482bfb33988d06af59ef56e3bdbd7b048231a86.php
Parsing file:///home/jfvilladiego/proyectos_laravel/cotizaciones_vcb_laravel/storage/framework/views/a006837ab4d606fc87899dc90e36228622f3a38d.php
Parsing file:///home/jfvilladiego/proyectos_laravel/cotizaciones_vcb_laravel/storage/framework/views/e2499643893d46188fa72b3328c0b165889ed574.php
Parsing file:///home/jfvilladiego/proyectos_laravel/cotizaciones_vcb_laravel/storage/framework/views/460a9c77bdc12a2f2e9745db636d7258ff1a4290.php
Parsing file:///home/jfvilladiego/proyectos_laravel/cotizaciones_vcb_laravel/config/broadcasting.php
Parsing file:///home/jfvilladiego/proyectos_laravel/cotizaciones_vcb_laravel/config/queue.php
Parsing file:///home/jfvilladiego/proyectos_laravel/cotizaciones_vcb_laravel/config/session.php
Parsing file:///home/jfvilladiego/proyectos_laravel/cotizaciones_vcb_laravel/config/database.php
Parsing file:///home/jfvilladiego/proyectos_laravel/cotizaciones_vcb_laravel/config/filesystems.php
Parsing file:///home/jfvilladiego/proyectos_laravel/cotizaciones_vcb_laravel/config/auth.php
Parsing file:///home/jfvilladiego/proyectos_laravel/cotizaciones_vcb_laravel/config/app.php
Parsing file:///home/jfvilladiego/proyectos_laravel/cotizaciones_vcb_laravel/config/services.php
Parsing file:///home/jfvilladiego/proyectos_laravel/cotizaciones_vcb_laravel/config/mail.php
Parsing file:///home/jfvilladiego/proyectos_laravel/cotizaciones_vcb_laravel/config/cache.php
Parsing file:///home/jfvilladiego/proyectos_laravel/cotizaciones_vcb_laravel/config/view.php
Parsing file:///home/jfvilladiego/proyectos_laravel/cotizaciones_vcb_laravel/app/Area.php
Parsing file:///home/jfvilladiego/proyectos_laravel/cotizaciones_vcb_laravel/app/Http/Kernel.php
Parsing file:///home/jfvilladiego/proyectos_laravel/cotizaciones_vcb_laravel/app/Http/Middleware/EncryptCookies.php
Parsing file:///home/jfvilladiego/proyectos_laravel/cotizaciones_vcb_laravel/app/Http/Middleware/VerifyCsrfToken.php
Parsing file:///home/jfvilladiego/proyectos_laravel/cotizaciones_vcb_laravel/app/Http/Middleware/RedirectIfAuthenticated.php
Parsing file:///home/jfvilladiego/proyectos_laravel/cotizaciones_vcb_laravel/app/Http/Middleware/TrimStrings.php
Parsing file:///home/jfvilladiego/proyectos_laravel/cotizaciones_vcb_laravel/app/Http/Controllers/ActividadController.php
Parsing file:///home/jfvilladiego/proyectos_laravel/cotizaciones_vcb_laravel/app/Http/Controllers/Auth/ResetPasswordController.php
Parsing file:///home/jfvilladiego/proyectos_laravel/cotizaciones_vcb_laravel/app/Http/Controllers/Auth/RegisterController.php
Parsing file:///home/jfvilladiego/proyectos_laravel/cotizaciones_vcb_laravel/app/Http/Controllers/Auth/ForgotPasswordController.php
Parsing file:///home/jfvilladiego/proyectos_laravel/cotizaciones_vcb_laravel/app/Http/Controllers/Auth/LoginController.php
Parsing file:///home/jfvilladiego/proyectos_laravel/cotizaciones_vcb_laravel/app/Http/Controllers/GastoAministrativoController.php
Parsing file:///home/jfvilladiego/proyectos_laravel/cotizaciones_vcb_laravel/app/Http/Controllers/HomeController.php
Parsing file:///home/jfvilladiego/proyectos_laravel/cotizaciones_vcb_laravel/app/Http/Controllers/CargoController.php
Parsing file:///home/jfvilladiego/proyectos_laravel/cotizaciones_vcb_laravel/app/Http/Controllers/OtraVariableController.php
Parsing file:///home/jfvilladiego/proyectos_laravel/cotizaciones_vcb_laravel/app/Http/Controllers/AreaController.php
Parsing file:///home/jfvilladiego/proyectos_laravel/cotizaciones_vcb_laravel/app/Http/Controllers/MaestroController.php
Parsing file:///home/jfvilladiego/proyectos_laravel/cotizaciones_vcb_laravel/app/Http/Controllers/Controller.php
Parsing file:///home/jfvilladiego/proyectos_laravel/cotizaciones_vcb_laravel/app/Http/Controllers/CategoriaController.php
Parsing file:///home/jfvilladiego/proyectos_laravel/cotizaciones_vcb_laravel/app/Providers/AuthServiceProvider.php
Parsing file:///home/jfvilladiego/proyectos_laravel/cotizaciones_vcb_laravel/app/Providers/BroadcastServiceProvider.php
Parsing file:///home/jfvilladiego/proyectos_laravel/cotizaciones_vcb_laravel/app/Providers/EventServiceProvider.php
Parsing file:///home/jfvilladiego/proyectos_laravel/cotizaciones_vcb_laravel/app/Providers/AppServiceProvider.php
Parsing file:///home/jfvilladiego/proyectos_laravel/cotizaciones_vcb_laravel/app/Providers/RouteServiceProvider.php
Parsing file:///home/jfvilladiego/proyectos_laravel/cotizaciones_vcb_laravel/app/GastoAdministrativo.php
Parsing file:///home/jfvilladiego/proyectos_laravel/cotizaciones_vcb_laravel/app/Exceptions/Handler.php
Parsing file:///home/jfvilladiego/proyectos_laravel/cotizaciones_vcb_laravel/app/Maestro.php
Parsing file:///home/jfvilladiego/proyectos_laravel/cotizaciones_vcb_laravel/app/Cargo.php
Parsing file:///home/jfvilladiego/proyectos_laravel/cotizaciones_vcb_laravel/app/User.php
Parsing file:///home/jfvilladiego/proyectos_laravel/cotizaciones_vcb_laravel/app/Console/Kernel.php
Parsing file:///home/jfvilladiego/proyectos_laravel/cotizaciones_vcb_laravel/app/Categoria.php
Parsing file:///home/jfvilladiego/proyectos_laravel/cotizaciones_vcb_laravel/app/Actividad.php
Parsing file:///home/jfvilladiego/proyectos_laravel/cotizaciones_vcb_laravel/app/OtraVariable.php
Parsing file:///home/jfvilladiego/proyectos_laravel/cotizaciones_vcb_laravel/server.php
Parsing file:///home/jfvilladiego/proyectos_laravel/cotizaciones_vcb_laravel/bootstrap/app.php
Parsing file:///home/jfvilladiego/proyectos_laravel/cotizaciones_vcb_laravel/bootstrap/cache/services.php
Parsing file:///home/jfvilladiego/proyectos_laravel/cotizaciones_vcb_laravel/bootstrap/autoload.php
Parsing file:///home/jfvilladiego/proyectos_laravel/cotizaciones_vcb_laravel/routes/api.php
Parsing file:///home/jfvilladiego/proyectos_laravel/cotizaciones_vcb_laravel/routes/web.php
Parsing file:///home/jfvilladiego/proyectos_laravel/cotizaciones_vcb_laravel/routes/console.php
Parsing file:///home/jfvilladiego/proyectos_laravel/cotizaciones_vcb_laravel/routes/channels.php
Parsing file:///home/jfvilladiego/proyectos_laravel/cotizaciones_vcb_laravel/tests/Feature/ExampleTest.php
Parsing file:///home/jfvilladiego/proyectos_laravel/cotizaciones_vcb_laravel/tests/Unit/ExampleTest.php
Parsing file:///home/jfvilladiego/proyectos_laravel/cotizaciones_vcb_laravel/tests/CreatesApplication.php
Parsing file:///home/jfvilladiego/proyectos_laravel/cotizaciones_vcb_laravel/tests/TestCase.php
Parsing file:///home/jfvilladiego/proyectos_laravel/cotizaciones_vcb_laravel/public/index.php
Parsing file:///home/jfvilladiego/proyectos_laravel/cotizaciones_vcb_laravel/database/seeds/DatabaseSeeder.php
Parsing file:///home/jfvilladiego/proyectos_laravel/cotizaciones_vcb_laravel/database/migrations/2018_10_24_153607_create_maestros_table.php
Parsing file:///home/jfvilladiego/proyectos_laravel/cotizaciones_vcb_laravel/database/migrations/2018_10_24_161918_create_categorias_table.php
Parsing file:///home/jfvilladiego/proyectos_laravel/cotizaciones_vcb_laravel/database/migrations/2018_10_24_161919_create_actividads_table.php
Parsing file:///home/jfvilladiego/proyectos_laravel/cotizaciones_vcb_laravel/database/migrations/2018_10_24_162030_create_gasto_administrativos_table.php
Parsing file:///home/jfvilladiego/proyectos_laravel/cotizaciones_vcb_laravel/database/migrations/2014_10_12_000000_create_users_table.php
Parsing file:///home/jfvilladiego/proyectos_laravel/cotizaciones_vcb_laravel/database/migrations/2018_10_24_162001_create_cargos_table.php
Parsing file:///home/jfvilladiego/proyectos_laravel/cotizaciones_vcb_laravel/database/migrations/2018_10_24_162828_create_otra_variables_table.php
Parsing file:///home/jfvilladiego/proyectos_laravel/cotizaciones_vcb_laravel/database/migrations/2018_10_24_161938_create_areas_table.php
Parsing file:///home/jfvilladiego/proyectos_laravel/cotizaciones_vcb_laravel/database/migrations/2014_10_12_100000_create_password_resets_table.php
Parsing file:///home/jfvilladiego/proyectos_laravel/cotizaciones_vcb_laravel/database/factories/ModelFactory.php
Parsing file:///home/jfvilladiego/proyectos_laravel/cotizaciones_vcb_laravel/vendor/composer/autoload_psr4.php
Parsing file:///home/jfvilladiego/proyectos_laravel/cotizaciones_vcb_laravel/vendor/composer/autoload_files.php
Parsing file:///home/jfvilladiego/proyectos_laravel/cotizaciones_vcb_laravel/vendor/composer/autoload_static.php
[Info  - 7:37:59 a. m.] Ignoring file file:///home/jfvilladiego/proyectos_laravel/cotizaciones_vcb_laravel/vendor/composer/autoload_static.php because it exceeds size limit of 150000 bytes (423483)
Parsing file:///home/jfvilladiego/proyectos_laravel/cotizaciones_vcb_laravel/vendor/composer/autoload_real.php
Parsing file:///home/jfvilladiego/proyectos_laravel/cotizaciones_vcb_laravel/vendor/composer/autoload_classmap.php
[Info  - 7:37:59 a. m.] Ignoring file file:///home/jfvilladiego/proyectos_laravel/cotizaciones_vcb_laravel/vendor/composer/autoload_classmap.php because it exceeds size limit of 150000 bytes (384981)
Parsing file:///home/jfvilladiego/proyectos_laravel/cotizaciones_vcb_laravel/vendor/composer/ClassLoader.php
Parsing file:///home/jfvilladiego/proyectos_laravel/cotizaciones_vcb_laravel/vendor/composer/autoload_namespaces.php
Parsing file:///home/jfvilladiego/proyectos_laravel/cotizaciones_vcb_laravel/vendor/autoload.php
Parsing file:///home/jfvilladiego/proyectos_laravel/cotizaciones_vcb_laravel/resources/lang/en/passwords.php
Parsing file:///home/jfvilladiego/proyectos_laravel/cotizaciones_vcb_laravel/resources/lang/en/validation.php
Parsing file:///home/jfvilladiego/proyectos_laravel/cotizaciones_vcb_laravel/resources/lang/en/auth.php
Parsing file:///home/jfvilladiego/proyectos_laravel/cotizaciones_vcb_laravel/resources/lang/en/pagination.php
Parsing file:///home/jfvilladiego/proyectos_laravel/cotizaciones_vcb_laravel/resources/views/maestros/create.blade.php
Parsing file:///home/jfvilladiego/proyectos_laravel/cotizaciones_vcb_laravel/resources/views/maestros/edit.blade.php
Parsing file:///home/jfvilladiego/proyectos_laravel/cotizaciones_vcb_laravel/resources/views/maestros/index.blade.php
Parsing file:///home/jfvilladiego/proyectos_laravel/cotizaciones_vcb_laravel/resources/views/maestros/_form.blade.php
Parsing file:///home/jfvilladiego/proyectos_laravel/cotizaciones_vcb_laravel/resources/views/categorias/_row_categoria.blade.php
Parsing file:///home/jfvilladiego/proyectos_laravel/cotizaciones_vcb_laravel/resources/views/categorias/index.blade.php
Parsing file:///home/jfvilladiego/proyectos_laravel/cotizaciones_vcb_laravel/resources/views/categorias/_create_modal.blade.php
Parsing file:///home/jfvilladiego/proyectos_laravel/cotizaciones_vcb_laravel/resources/views/categorias/_form.blade.php
Parsing file:///home/jfvilladiego/proyectos_laravel/cotizaciones_vcb_laravel/resources/views/home.blade.php
Parsing file:///home/jfvilladiego/proyectos_laravel/cotizaciones_vcb_laravel/resources/views/layouts/welcome.blade.php
Parsing file:///home/jfvilladiego/proyectos_laravel/cotizaciones_vcb_laravel/resources/views/layouts/navbar.blade.php
Parsing file:///home/jfvilladiego/proyectos_laravel/cotizaciones_vcb_laravel/resources/views/layouts/app.blade.php
Parsing file:///home/jfvilladiego/proyectos_laravel/cotizaciones_vcb_laravel/resources/views/auth/passwords/reset.blade.php
Parsing file:///home/jfvilladiego/proyectos_laravel/cotizaciones_vcb_laravel/resources/views/auth/passwords/email.blade.php
Parsing file:///home/jfvilladiego/proyectos_laravel/cotizaciones_vcb_laravel/resources/views/auth/login.blade.php
Parsing file:///home/jfvilladiego/proyectos_laravel/cotizaciones_vcb_laravel/resources/views/auth/register.blade.php
[Info  - 7:38:00 a. m.] Indexing project for dynamic references
Parsing file:///home/jfvilladiego/proyectos_laravel/cotizaciones_vcb_laravel/storage/framework/views/ed2a0ffce4d11e9f6dfc42cf4c712a86b6f0a0ab.php
Parsing file:///home/jfvilladiego/proyectos_laravel/cotizaciones_vcb_laravel/storage/framework/views/b47db4e7986199baf2dcd071f0704250bd055839.php
Parsing file:///home/jfvilladiego/proyectos_laravel/cotizaciones_vcb_laravel/storage/framework/views/41ce24a7a3921f70b7a08bbb199489f761eeed2f.php
Parsing file:///home/jfvilladiego/proyectos_laravel/cotizaciones_vcb_laravel/storage/framework/views/da0dd4c7e5d18a15af2ec1092a9e0702ea21176a.php
Parsing file:///home/jfvilladiego/proyectos_laravel/cotizaciones_vcb_laravel/storage/framework/views/1c74f8961f384b11da0ed8cbdb56ab8853f7d9d1.php
Parsing file:///home/jfvilladiego/proyectos_laravel/cotizaciones_vcb_laravel/storage/framework/views/e68ee1e0d784300e12926ef20fd156cc31cf559f.php
Parsing file:///home/jfvilladiego/proyectos_laravel/cotizaciones_vcb_laravel/storage/framework/views/e4093ab8a81f5a58f774a0f1ba42c4f1038041e3.php
Parsing file:///home/jfvilladiego/proyectos_laravel/cotizaciones_vcb_laravel/storage/framework/views/e482bfb33988d06af59ef56e3bdbd7b048231a86.php
Parsing file:///home/jfvilladiego/proyectos_laravel/cotizaciones_vcb_laravel/storage/framework/views/a006837ab4d606fc87899dc90e36228622f3a38d.php
Parsing file:///home/jfvilladiego/proyectos_laravel/cotizaciones_vcb_laravel/storage/framework/views/e2499643893d46188fa72b3328c0b165889ed574.php
Parsing file:///home/jfvilladiego/proyectos_laravel/cotizaciones_vcb_laravel/storage/framework/views/460a9c77bdc12a2f2e9745db636d7258ff1a4290.php
Parsing file:///home/jfvilladiego/proyectos_laravel/cotizaciones_vcb_laravel/config/broadcasting.php
Parsing file:///home/jfvilladiego/proyectos_laravel/cotizaciones_vcb_laravel/config/queue.php
Parsing file:///home/jfvilladiego/proyectos_laravel/cotizaciones_vcb_laravel/config/session.php
Parsing file:///home/jfvilladiego/proyectos_laravel/cotizaciones_vcb_laravel/config/database.php
Parsing file:///home/jfvilladiego/proyectos_laravel/cotizaciones_vcb_laravel/config/filesystems.php
Parsing file:///home/jfvilladiego/proyectos_laravel/cotizaciones_vcb_laravel/config/auth.php
Parsing file:///home/jfvilladiego/proyectos_laravel/cotizaciones_vcb_laravel/config/app.php
Parsing file:///home/jfvilladiego/proyectos_laravel/cotizaciones_vcb_laravel/config/services.php
Parsing file:///home/jfvilladiego/proyectos_laravel/cotizaciones_vcb_laravel/config/mail.php
Parsing file:///home/jfvilladiego/proyectos_laravel/cotizaciones_vcb_laravel/config/cache.php
Parsing file:///home/jfvilladiego/proyectos_laravel/cotizaciones_vcb_laravel/config/view.php
Parsing file:///home/jfvilladiego/proyectos_laravel/cotizaciones_vcb_laravel/app/Area.php
Parsing file:///home/jfvilladiego/proyectos_laravel/cotizaciones_vcb_laravel/app/Http/Kernel.php
Parsing file:///home/jfvilladiego/proyectos_laravel/cotizaciones_vcb_laravel/app/Http/Middleware/EncryptCookies.php
Parsing file:///home/jfvilladiego/proyectos_laravel/cotizaciones_vcb_laravel/app/Http/Middleware/VerifyCsrfToken.php
Parsing file:///home/jfvilladiego/proyectos_laravel/cotizaciones_vcb_laravel/app/Http/Middleware/RedirectIfAuthenticated.php
Parsing file:///home/jfvilladiego/proyectos_laravel/cotizaciones_vcb_laravel/app/Http/Middleware/TrimStrings.php
Parsing file:///home/jfvilladiego/proyectos_laravel/cotizaciones_vcb_laravel/app/Http/Controllers/ActividadController.php
Parsing file:///home/jfvilladiego/proyectos_laravel/cotizaciones_vcb_laravel/app/Http/Controllers/Auth/ResetPasswordController.php
Parsing file:///home/jfvilladiego/proyectos_laravel/cotizaciones_vcb_laravel/app/Http/Controllers/Auth/RegisterController.php
Parsing file:///home/jfvilladiego/proyectos_laravel/cotizaciones_vcb_laravel/app/Http/Controllers/Auth/ForgotPasswordController.php
Parsing file:///home/jfvilladiego/proyectos_laravel/cotizaciones_vcb_laravel/app/Http/Controllers/Auth/LoginController.php
Parsing file:///home/jfvilladiego/proyectos_laravel/cotizaciones_vcb_laravel/app/Http/Controllers/GastoAministrativoController.php
Parsing file:///home/jfvilladiego/proyectos_laravel/cotizaciones_vcb_laravel/app/Http/Controllers/HomeController.php
Parsing file:///home/jfvilladiego/proyectos_laravel/cotizaciones_vcb_laravel/app/Http/Controllers/CargoController.php
Parsing file:///home/jfvilladiego/proyectos_laravel/cotizaciones_vcb_laravel/app/Http/Controllers/OtraVariableController.php
Parsing file:///home/jfvilladiego/proyectos_laravel/cotizaciones_vcb_laravel/app/Http/Controllers/AreaController.php
Parsing file:///home/jfvilladiego/proyectos_laravel/cotizaciones_vcb_laravel/app/Http/Controllers/MaestroController.php
Parsing file:///home/jfvilladiego/proyectos_laravel/cotizaciones_vcb_laravel/app/Http/Controllers/Controller.php
Parsing file:///home/jfvilladiego/proyectos_laravel/cotizaciones_vcb_laravel/app/Http/Controllers/CategoriaController.php
Parsing file:///home/jfvilladiego/proyectos_laravel/cotizaciones_vcb_laravel/app/Providers/AuthServiceProvider.php
Parsing file:///home/jfvilladiego/proyectos_laravel/cotizaciones_vcb_laravel/app/Providers/BroadcastServiceProvider.php
Parsing file:///home/jfvilladiego/proyectos_laravel/cotizaciones_vcb_laravel/app/Providers/EventServiceProvider.php
Parsing file:///home/jfvilladiego/proyectos_laravel/cotizaciones_vcb_laravel/app/Providers/AppServiceProvider.php
Parsing file:///home/jfvilladiego/proyectos_laravel/cotizaciones_vcb_laravel/app/Providers/RouteServiceProvider.php
Parsing file:///home/jfvilladiego/proyectos_laravel/cotizaciones_vcb_laravel/app/GastoAdministrativo.php
Parsing file:///home/jfvilladiego/proyectos_laravel/cotizaciones_vcb_laravel/app/Exceptions/Handler.php
Parsing file:///home/jfvilladiego/proyectos_laravel/cotizaciones_vcb_laravel/app/Maestro.php
Parsing file:///home/jfvilladiego/proyectos_laravel/cotizaciones_vcb_laravel/app/Cargo.php
Parsing file:///home/jfvilladiego/proyectos_laravel/cotizaciones_vcb_laravel/app/User.php
Parsing file:///home/jfvilladiego/proyectos_laravel/cotizaciones_vcb_laravel/app/Console/Kernel.php
Parsing file:///home/jfvilladiego/proyectos_laravel/cotizaciones_vcb_laravel/app/Categoria.php
Parsing file:///home/jfvilladiego/proyectos_laravel/cotizaciones_vcb_laravel/app/Actividad.php
Parsing file:///home/jfvilladiego/proyectos_laravel/cotizaciones_vcb_laravel/app/OtraVariable.php
Parsing file:///home/jfvilladiego/proyectos_laravel/cotizaciones_vcb_laravel/server.php
Parsing file:///home/jfvilladiego/proyectos_laravel/cotizaciones_vcb_laravel/bootstrap/app.php
Parsing file:///home/jfvilladiego/proyectos_laravel/cotizaciones_vcb_laravel/bootstrap/cache/services.php
Parsing file:///home/jfvilladiego/proyectos_laravel/cotizaciones_vcb_laravel/bootstrap/autoload.php
Parsing file:///home/jfvilladiego/proyectos_laravel/cotizaciones_vcb_laravel/routes/api.php
Parsing file:///home/jfvilladiego/proyectos_laravel/cotizaciones_vcb_laravel/routes/web.php
Parsing file:///home/jfvilladiego/proyectos_laravel/cotizaciones_vcb_laravel/routes/console.php
Parsing file:///home/jfvilladiego/proyectos_laravel/cotizaciones_vcb_laravel/routes/channels.php
Parsing file:///home/jfvilladiego/proyectos_laravel/cotizaciones_vcb_laravel/tests/Feature/ExampleTest.php
Parsing file:///home/jfvilladiego/proyectos_laravel/cotizaciones_vcb_laravel/tests/Unit/ExampleTest.php
Parsing file:///home/jfvilladiego/proyectos_laravel/cotizaciones_vcb_laravel/tests/CreatesApplication.php
Parsing file:///home/jfvilladiego/proyectos_laravel/cotizaciones_vcb_laravel/tests/TestCase.php
Parsing file:///home/jfvilladiego/proyectos_laravel/cotizaciones_vcb_laravel/public/index.php
Parsing file:///home/jfvilladiego/proyectos_laravel/cotizaciones_vcb_laravel/database/seeds/DatabaseSeeder.php
Parsing file:///home/jfvilladiego/proyectos_laravel/cotizaciones_vcb_laravel/database/migrations/2018_10_24_153607_create_maestros_table.php
Parsing file:///home/jfvilladiego/proyectos_laravel/cotizaciones_vcb_laravel/database/migrations/2018_10_24_161918_create_categorias_table.php
Parsing file:///home/jfvilladiego/proyectos_laravel/cotizaciones_vcb_laravel/database/migrations/2018_10_24_161919_create_actividads_table.php
Parsing file:///home/jfvilladiego/proyectos_laravel/cotizaciones_vcb_laravel/database/migrations/2018_10_24_162030_create_gasto_administrativos_table.php
Parsing file:///home/jfvilladiego/proyectos_laravel/cotizaciones_vcb_laravel/database/migrations/2014_10_12_000000_create_users_table.php
Parsing file:///home/jfvilladiego/proyectos_laravel/cotizaciones_vcb_laravel/database/migrations/2018_10_24_162001_create_cargos_table.php
Parsing file:///home/jfvilladiego/proyectos_laravel/cotizaciones_vcb_laravel/database/migrations/2018_10_24_162828_create_otra_variables_table.php
Parsing file:///home/jfvilladiego/proyectos_laravel/cotizaciones_vcb_laravel/database/migrations/2018_10_24_161938_create_areas_table.php
Parsing file:///home/jfvilladiego/proyectos_laravel/cotizaciones_vcb_laravel/database/migrations/2014_10_12_100000_create_password_resets_table.php
Parsing file:///home/jfvilladiego/proyectos_laravel/cotizaciones_vcb_laravel/database/factories/ModelFactory.php
Parsing file:///home/jfvilladiego/proyectos_laravel/cotizaciones_vcb_laravel/vendor/composer/autoload_psr4.php
Parsing file:///home/jfvilladiego/proyectos_laravel/cotizaciones_vcb_laravel/vendor/composer/autoload_files.php
Parsing file:///home/jfvilladiego/proyectos_laravel/cotizaciones_vcb_laravel/vendor/composer/autoload_static.php
[Info  - 7:38:00 a. m.] Ignoring file file:///home/jfvilladiego/proyectos_laravel/cotizaciones_vcb_laravel/vendor/composer/autoload_static.php because it exceeds size limit of 150000 bytes (423483)
Parsing file:///home/jfvilladiego/proyectos_laravel/cotizaciones_vcb_laravel/vendor/composer/autoload_real.php
Parsing file:///home/jfvilladiego/proyectos_laravel/cotizaciones_vcb_laravel/vendor/composer/autoload_classmap.php
[Info  - 7:38:00 a. m.] Ignoring file file:///home/jfvilladiego/proyectos_laravel/cotizaciones_vcb_laravel/vendor/composer/autoload_classmap.php because it exceeds size limit of 150000 bytes (384981)
Parsing file:///home/jfvilladiego/proyectos_laravel/cotizaciones_vcb_laravel/vendor/composer/ClassLoader.php
Parsing file:///home/jfvilladiego/proyectos_laravel/cotizaciones_vcb_laravel/vendor/composer/autoload_namespaces.php
Parsing file:///home/jfvilladiego/proyectos_laravel/cotizaciones_vcb_laravel/vendor/autoload.php
Parsing file:///home/jfvilladiego/proyectos_laravel/cotizaciones_vcb_laravel/resources/lang/en/passwords.php
Parsing file:///home/jfvilladiego/proyectos_laravel/cotizaciones_vcb_laravel/resources/lang/en/validation.php
Parsing file:///home/jfvilladiego/proyectos_laravel/cotizaciones_vcb_laravel/resources/lang/en/auth.php
Parsing file:///home/jfvilladiego/proyectos_laravel/cotizaciones_vcb_laravel/resources/lang/en/pagination.php
Parsing file:///home/jfvilladiego/proyectos_laravel/cotizaciones_vcb_laravel/resources/views/maestros/create.blade.php
Parsing file:///home/jfvilladiego/proyectos_laravel/cotizaciones_vcb_laravel/resources/views/maestros/edit.blade.php
Parsing file:///home/jfvilladiego/proyectos_laravel/cotizaciones_vcb_laravel/resources/views/maestros/index.blade.php
Parsing file:///home/jfvilladiego/proyectos_laravel/cotizaciones_vcb_laravel/resources/views/maestros/_form.blade.php
Parsing file:///home/jfvilladiego/proyectos_laravel/cotizaciones_vcb_laravel/resources/views/categorias/_row_categoria.blade.php
Parsing file:///home/jfvilladiego/proyectos_laravel/cotizaciones_vcb_laravel/resources/views/categorias/index.blade.php
Parsing file:///home/jfvilladiego/proyectos_laravel/cotizaciones_vcb_laravel/resources/views/categorias/_create_modal.blade.php
Parsing file:///home/jfvilladiego/proyectos_laravel/cotizaciones_vcb_laravel/resources/views/categorias/_form.blade.php
Parsing file:///home/jfvilladiego/proyectos_laravel/cotizaciones_vcb_laravel/resources/views/home.blade.php
Parsing file:///home/jfvilladiego/proyectos_laravel/cotizaciones_vcb_laravel/resources/views/layouts/welcome.blade.php
Parsing file:///home/jfvilladiego/proyectos_laravel/cotizaciones_vcb_laravel/resources/views/layouts/navbar.blade.php
Parsing file:///home/jfvilladiego/proyectos_laravel/cotizaciones_vcb_laravel/resources/views/layouts/app.blade.php
Parsing file:///home/jfvilladiego/proyectos_laravel/cotizaciones_vcb_laravel/resources/views/auth/passwords/reset.blade.php
Parsing file:///home/jfvilladiego/proyectos_laravel/cotizaciones_vcb_laravel/resources/views/auth/passwords/email.blade.php
Parsing file:///home/jfvilladiego/proyectos_laravel/cotizaciones_vcb_laravel/resources/views/auth/login.blade.php
Parsing file:///home/jfvilladiego/proyectos_laravel/cotizaciones_vcb_laravel/resources/views/auth/register.blade.php
[Info  - 7:38:01 a. m.] 62 Packages
[Info  - 7:38:01 a. m.] Restored vlucas/phpdotenv:2.5.1 from cache
[Info  - 7:38:01 a. m.] Restored mockery/mockery:0.9.9 from cache
[Info  - 7:38:01 a. m.] Restored jakub-onderka/php-console-highlighter:0.4 from cache
[Info  - 7:38:06 a. m.] Restored jakub-onderka/php-console-color:0.2 from cache
[Info  - 7:38:06 a. m.] Restored fzaninotto/faker:1.8.0 from cache
