Looking for git in: git
Using git 2.17.1 from git
> git rev-parse --show-toplevel
> git config --get commit.template
Open repository: /home/jfvilladiego/proyectos_laravel/cotizaciones_vcb_laravel
> git status -z -u
> git show :.env
> git check-ignore -z --stdin
> git symbolic-ref --short HEAD
> git rev-parse master
> git rev-parse --symbolic-full-name master@{u}
> git rev-list --left-right master...refs/remotes/origin/master
> git for-each-ref --format %(refname) %(objectname) --sort -committerdate
> git remote --verbose
> git status -z -u
> git symbolic-ref --short HEAD
> git rev-parse master
> git rev-parse --symbolic-full-name master@{u}
> git rev-list --left-right master...refs/remotes/origin/master
> git for-each-ref --format %(refname) %(objectname) --sort -committerdate
> git remote --verbose
> git status -z -u
> git symbolic-ref --short HEAD
> git rev-parse master
> git rev-parse --symbolic-full-name master@{u}
> git rev-list --left-right master...refs/remotes/origin/master
> git for-each-ref --format %(refname) %(objectname) --sort -committerdate
> git remote --verbose
> git check-ignore -z --stdin
> git check-ignore -z --stdin
> git check-ignore -z --stdin
> git show :app/Http/Controllers/Auth/LoginController.php
> git show :app/Http/Controllers/Auth/RegisterController.php
> git show :app/Http/Controllers/Auth/LoginController.php
> git show :app/Http/Controllers/Auth/RegisterController.php
> git show :app/Http/Controllers/Auth/RegisterController.php
> git check-ignore -z --stdin
> git show :resources/views/categorias/_row_categoria.blade.php
> git show :resources/views/categorias/_form.blade.php
> git show :resources/views/categorias/_create_modal.blade.php
> git show :resources/views/categorias/_row_categoria.blade.php
> git show :resources/views/categorias/_form.blade.php
> git show :app/Http/Controllers/CategoriaController.php
> git show :resources/views/categorias/_row_categoria.blade.php
> git show :app/Http/Controllers/CategoriaController.php
> git show :resources/views/categorias/_row_categoria.blade.php
> git show :app/Http/Controllers/CategoriaController.php
> git show :app/Http/Controllers/Auth/RegisterController.php
> git show :resources/views/categorias/_form.blade.php
> git show :app/Http/Controllers/CategoriaController.php
> git show :resources/views/categorias/_form.blade.php
> git show :app/Http/Controllers/CategoriaController.php
> git show :resources/views/categorias/_form.blade.php
> git show :resources/views/categorias/_row_categoria.blade.php
> git show :resources/views/categorias/_create_modal.blade.php
> git show :resources/views/categorias/_row_categoria.blade.php
> git show :app/Http/Controllers/CategoriaController.php
> git show :resources/views/categorias/_row_categoria.blade.php
> git show :app/Http/Controllers/CategoriaController.php
> git show :resources/views/categorias/_row_categoria.blade.php
> git show :resources/views/categorias/_create_modal.blade.php
> git show :resources/views/categorias/_row_categoria.blade.php
> git show :app/Http/Controllers/CategoriaController.php
> git show :resources/views/categorias/_row_categoria.blade.php
> git show :resources/views/categorias/_create_modal.blade.php
> git show :resources/views/categorias/_form.blade.php
> git show :resources/views/categorias/index.blade.php
> git show :app/Http/Controllers/CategoriaController.php
> git show :resources/views/categorias/index.blade.php
> git show :resources/views/categorias/_form.blade.php
> git show :resources/views/home.blade.php
> git show :resources/views/maestros/index.blade.php
> git show :resources/views/layouts/app.blade.php
> git show :resources/views/categorias/index.blade.php
> git show :resources/views/layouts/app.blade.php
> git show :resources/views/categorias/index.blade.php
> git show :resources/views/layouts/app.blade.php
> git show :resources/views/categorias/_form.blade.php
> git show :resources/views/layouts/app.blade.php
