[Info  - 10:57:52 a. m.] 4783 files total
[Info  - 10:57:52 a. m.] Indexing project for definitions and static references
Parsing file:///home/jfvilladiego/proyectos_laravel/cotizaciones_vcb_laravel/storage/framework/views/ed2a0ffce4d11e9f6dfc42cf4c712a86b6f0a0ab.php
Parsing file:///home/jfvilladiego/proyectos_laravel/cotizaciones_vcb_laravel/storage/framework/views/b47db4e7986199baf2dcd071f0704250bd055839.php
Parsing file:///home/jfvilladiego/proyectos_laravel/cotizaciones_vcb_laravel/storage/framework/views/41ce24a7a3921f70b7a08bbb199489f761eeed2f.php
Parsing file:///home/jfvilladiego/proyectos_laravel/cotizaciones_vcb_laravel/storage/framework/views/da0dd4c7e5d18a15af2ec1092a9e0702ea21176a.php
Parsing file:///home/jfvilladiego/proyectos_laravel/cotizaciones_vcb_laravel/storage/framework/views/1c74f8961f384b11da0ed8cbdb56ab8853f7d9d1.php
Parsing file:///home/jfvilladiego/proyectos_laravel/cotizaciones_vcb_laravel/storage/framework/views/e68ee1e0d784300e12926ef20fd156cc31cf559f.php
Parsing file:///home/jfvilladiego/proyectos_laravel/cotizaciones_vcb_laravel/storage/framework/views/e4093ab8a81f5a58f774a0f1ba42c4f1038041e3.php
Parsing file:///home/jfvilladiego/proyectos_laravel/cotizaciones_vcb_laravel/storage/framework/views/e482bfb33988d06af59ef56e3bdbd7b048231a86.php
Parsing file:///home/jfvilladiego/proyectos_laravel/cotizaciones_vcb_laravel/storage/framework/views/a006837ab4d606fc87899dc90e36228622f3a38d.php
Parsing file:///home/jfvilladiego/proyectos_laravel/cotizaciones_vcb_laravel/storage/framework/views/e2499643893d46188fa72b3328c0b165889ed574.php
Parsing file:///home/jfvilladiego/proyectos_laravel/cotizaciones_vcb_laravel/storage/framework/views/9b7f8d2a136aa320df405bb5f2858c67ba6a3326.php
Parsing file:///home/jfvilladiego/proyectos_laravel/cotizaciones_vcb_laravel/storage/framework/views/460a9c77bdc12a2f2e9745db636d7258ff1a4290.php
Parsing file:///home/jfvilladiego/proyectos_laravel/cotizaciones_vcb_laravel/config/broadcasting.php
Parsing file:///home/jfvilladiego/proyectos_laravel/cotizaciones_vcb_laravel/config/queue.php
Parsing file:///home/jfvilladiego/proyectos_laravel/cotizaciones_vcb_laravel/config/session.php
Parsing file:///home/jfvilladiego/proyectos_laravel/cotizaciones_vcb_laravel/config/database.php
Parsing file:///home/jfvilladiego/proyectos_laravel/cotizaciones_vcb_laravel/config/filesystems.php
Parsing file:///home/jfvilladiego/proyectos_laravel/cotizaciones_vcb_laravel/config/auth.php
Parsing file:///home/jfvilladiego/proyectos_laravel/cotizaciones_vcb_laravel/config/app.php
Parsing file:///home/jfvilladiego/proyectos_laravel/cotizaciones_vcb_laravel/config/services.php
Parsing file:///home/jfvilladiego/proyectos_laravel/cotizaciones_vcb_laravel/config/mail.php
Parsing file:///home/jfvilladiego/proyectos_laravel/cotizaciones_vcb_laravel/config/cache.php
Parsing file:///home/jfvilladiego/proyectos_laravel/cotizaciones_vcb_laravel/config/view.php
Parsing file:///home/jfvilladiego/proyectos_laravel/cotizaciones_vcb_laravel/app/Area.php
Parsing file:///home/jfvilladiego/proyectos_laravel/cotizaciones_vcb_laravel/app/Http/Kernel.php
Parsing file:///home/jfvilladiego/proyectos_laravel/cotizaciones_vcb_laravel/app/Http/Middleware/EncryptCookies.php
Parsing file:///home/jfvilladiego/proyectos_laravel/cotizaciones_vcb_laravel/app/Http/Middleware/VerifyCsrfToken.php
Parsing file:///home/jfvilladiego/proyectos_laravel/cotizaciones_vcb_laravel/app/Http/Middleware/RedirectIfAuthenticated.php
Parsing file:///home/jfvilladiego/proyectos_laravel/cotizaciones_vcb_laravel/app/Http/Middleware/TrimStrings.php
Parsing file:///home/jfvilladiego/proyectos_laravel/cotizaciones_vcb_laravel/app/Http/Controllers/ActividadController.php
Parsing file:///home/jfvilladiego/proyectos_laravel/cotizaciones_vcb_laravel/app/Http/Controllers/Auth/ResetPasswordController.php
Parsing file:///home/jfvilladiego/proyectos_laravel/cotizaciones_vcb_laravel/app/Http/Controllers/Auth/RegisterController.php
Parsing file:///home/jfvilladiego/proyectos_laravel/cotizaciones_vcb_laravel/app/Http/Controllers/Auth/ForgotPasswordController.php
Parsing file:///home/jfvilladiego/proyectos_laravel/cotizaciones_vcb_laravel/app/Http/Controllers/Auth/LoginController.php
Parsing file:///home/jfvilladiego/proyectos_laravel/cotizaciones_vcb_laravel/app/Http/Controllers/GastoAministrativoController.php
Parsing file:///home/jfvilladiego/proyectos_laravel/cotizaciones_vcb_laravel/app/Http/Controllers/HomeController.php
Parsing file:///home/jfvilladiego/proyectos_laravel/cotizaciones_vcb_laravel/app/Http/Controllers/CargoController.php
Parsing file:///home/jfvilladiego/proyectos_laravel/cotizaciones_vcb_laravel/app/Http/Controllers/OtraVariableController.php
Parsing file:///home/jfvilladiego/proyectos_laravel/cotizaciones_vcb_laravel/app/Http/Controllers/AreaController.php
Parsing file:///home/jfvilladiego/proyectos_laravel/cotizaciones_vcb_laravel/app/Http/Controllers/MaestroController.php
Parsing file:///home/jfvilladiego/proyectos_laravel/cotizaciones_vcb_laravel/app/Http/Controllers/Controller.php
Parsing file:///home/jfvilladiego/proyectos_laravel/cotizaciones_vcb_laravel/app/Http/Controllers/CategoriaController.php
Parsing file:///home/jfvilladiego/proyectos_laravel/cotizaciones_vcb_laravel/app/Providers/AuthServiceProvider.php
Parsing file:///home/jfvilladiego/proyectos_laravel/cotizaciones_vcb_laravel/app/Providers/BroadcastServiceProvider.php
Parsing file:///home/jfvilladiego/proyectos_laravel/cotizaciones_vcb_laravel/app/Providers/EventServiceProvider.php
Parsing file:///home/jfvilladiego/proyectos_laravel/cotizaciones_vcb_laravel/app/Providers/AppServiceProvider.php
Parsing file:///home/jfvilladiego/proyectos_laravel/cotizaciones_vcb_laravel/app/Providers/RouteServiceProvider.php
Parsing file:///home/jfvilladiego/proyectos_laravel/cotizaciones_vcb_laravel/app/GastoAdministrativo.php
Parsing file:///home/jfvilladiego/proyectos_laravel/cotizaciones_vcb_laravel/app/Exceptions/Handler.php
Parsing file:///home/jfvilladiego/proyectos_laravel/cotizaciones_vcb_laravel/app/Maestro.php
Parsing file:///home/jfvilladiego/proyectos_laravel/cotizaciones_vcb_laravel/app/Cargo.php
Parsing file:///home/jfvilladiego/proyectos_laravel/cotizaciones_vcb_laravel/app/User.php
Parsing file:///home/jfvilladiego/proyectos_laravel/cotizaciones_vcb_laravel/app/Console/Kernel.php
Parsing file:///home/jfvilladiego/proyectos_laravel/cotizaciones_vcb_laravel/app/Categoria.php
