[2018-10-24 08:50:34.896] [sharedprocess] [info] main {"machineId":"f391cf1e128c7a12d3142ae132058c63ccf9378c9f15b95c65e7378ea4f5de92"}
[2018-10-24 08:50:35.913] [sharedprocess] [info] Scanned user extensions: 39
[2018-10-24 08:50:36.768] [sharedprocess] [info] Scanned system extensions: 71
[2018-10-24 08:50:38.140] [sharedprocess] [info] Scanned user extensions: 39
[2018-10-24 08:50:38.162] [sharedprocess] [info] Scanned user extensions: 39
[2018-10-24 08:50:38.168] [sharedprocess] [info] Scanned user extensions: 39
[2018-10-24 08:50:46.676] [sharedprocess] [info] Deleted from disk hookyqr.beautify-1.4.6
[2018-10-24 08:50:46.677] [sharedprocess] [info] Scanned system extensions: 71
[2018-10-24 08:50:46.683] [sharedprocess] [info] Scanned system extensions: 71
[2018-10-24 08:50:46.707] [sharedprocess] [info] Scanned user extensions: 39
[2018-10-24 08:50:46.794] [sharedprocess] [info] Deleted from disk ms-vsliveshare.vsliveshare-0.3.834
[2018-10-24 08:50:48.949] [sharedprocess] [info] Installing extension: highlight-matching-tag
[2018-10-24 08:50:48.974] [sharedprocess] [info] Scanned user extensions: 39
[2018-10-24 08:50:49.518] [sharedprocess] [info] Downloaded extension: highlight-matching-tag /tmp/78e9ae21-399f-4ca1-80d7-a108fe0a97d7
[2018-10-24 08:50:49.650] [sharedprocess] [info] Extracted extension to /home/jfvilladiego/.vscode/extensions/.vincaslt.highlight-matching-tag-0.7.1: vincaslt.highlight-matching-tag-0.7.1
[2018-10-24 08:50:49.650] [sharedprocess] [info] Renamed to /home/jfvilladiego/.vscode/extensions/vincaslt.highlight-matching-tag-0.7.1
[2018-10-24 08:50:49.650] [sharedprocess] [info] Installation completed. vincaslt.highlight-matching-tag-0.7.1
[2018-10-24 08:50:49.806] [sharedprocess] [info] Extensions installed successfully: vincaslt.highlight-matching-tag
[2018-10-24 08:50:49.980] [sharedprocess] [info] Scanned user extensions: 39
[2018-10-24 08:50:49.994] [sharedprocess] [info] Scanned system extensions: 71
[2018-10-24 08:50:58.673] [sharedprocess] [info] Scanned user extensions: 39
[2018-10-24 08:50:58.688] [sharedprocess] [info] Scanned user extensions: 39
[2018-10-24 08:50:58.700] [sharedprocess] [info] Scanned user extensions: 39
[2018-10-24 08:50:58.737] [sharedprocess] [info] Scanned system extensions: 71
[2018-10-24 08:50:58.744] [sharedprocess] [info] Scanned system extensions: 71
[2018-10-24 08:51:00.913] [sharedprocess] [info] Scanned user extensions: 39
[2018-10-24 08:51:14.903] [sharedprocess] [info] Starting to clean up unused language packs.
[2018-10-24 08:56:01.328] [sharedprocess] [info] Scanned user extensions: 39
[2018-10-24 09:01:01.641] [sharedprocess] [info] Scanned user extensions: 39
[2018-10-24 09:06:01.914] [sharedprocess] [info] Scanned user extensions: 39
[2018-10-24 09:11:01.977] [sharedprocess] [info] Scanned user extensions: 39
[2018-10-24 09:16:02.457] [sharedprocess] [info] Scanned user extensions: 39
[2018-10-24 09:21:02.578] [sharedprocess] [info] Scanned user extensions: 39
[2018-10-24 09:26:02.631] [sharedprocess] [info] Scanned user extensions: 39
[2018-10-24 09:31:02.679] [sharedprocess] [info] Scanned user extensions: 39
[2018-10-24 09:36:02.730] [sharedprocess] [info] Scanned user extensions: 39
[2018-10-24 09:41:03.028] [sharedprocess] [info] Scanned user extensions: 39
[2018-10-24 09:46:03.091] [sharedprocess] [info] Scanned user extensions: 39
[2018-10-24 09:51:03.547] [sharedprocess] [info] Scanned user extensions: 39
[2018-10-24 09:56:03.610] [sharedprocess] [info] Scanned user extensions: 39
[2018-10-24 10:01:04.531] [sharedprocess] [info] Scanned user extensions: 39
[2018-10-24 10:06:04.597] [sharedprocess] [info] Scanned user extensions: 39
[2018-10-24 10:11:04.651] [sharedprocess] [info] Scanned user extensions: 39
[2018-10-24 10:16:04.701] [sharedprocess] [info] Scanned user extensions: 39
[2018-10-24 10:21:04.773] [sharedprocess] [info] Scanned user extensions: 39
[2018-10-24 10:26:04.826] [sharedprocess] [info] Scanned user extensions: 39
[2018-10-24 10:31:04.921] [sharedprocess] [info] Scanned user extensions: 39
[2018-10-24 10:36:04.969] [sharedprocess] [info] Scanned user extensions: 39
[2018-10-24 10:41:05.684] [sharedprocess] [info] Scanned user extensions: 39
[2018-10-24 10:46:06.855] [sharedprocess] [info] Scanned user extensions: 39
[2018-10-24 10:51:07.096] [sharedprocess] [info] Scanned user extensions: 39
[2018-10-24 10:56:07.151] [sharedprocess] [info] Scanned user extensions: 39
[2018-10-24 11:01:07.201] [sharedprocess] [info] Scanned user extensions: 39
[2018-10-24 11:06:07.261] [sharedprocess] [info] Scanned user extensions: 39
[2018-10-24 11:11:07.308] [sharedprocess] [info] Scanned user extensions: 39
[2018-10-24 11:16:07.354] [sharedprocess] [info] Scanned user extensions: 39
[2018-10-24 11:21:07.399] [sharedprocess] [info] Scanned user extensions: 39
[2018-10-24 11:26:07.454] [sharedprocess] [info] Scanned user extensions: 39
[2018-10-24 11:31:07.506] [sharedprocess] [info] Scanned user extensions: 39
[2018-10-24 11:36:07.553] [sharedprocess] [info] Scanned user extensions: 39
[2018-10-24 11:41:07.602] [sharedprocess] [info] Scanned user extensions: 39
[2018-10-24 11:46:07.655] [sharedprocess] [info] Scanned user extensions: 39
[2018-10-24 11:51:07.726] [sharedprocess] [info] Scanned user extensions: 39
[2018-10-24 11:56:07.784] [sharedprocess] [info] Scanned user extensions: 39
[2018-10-24 12:01:07.841] [sharedprocess] [info] Scanned user extensions: 39
[2018-10-24 12:06:07.890] [sharedprocess] [info] Scanned user extensions: 39
[2018-10-24 12:11:08.716] [sharedprocess] [info] Scanned user extensions: 39
[2018-10-24 12:16:08.771] [sharedprocess] [info] Scanned user extensions: 39
[2018-10-24 12:21:08.823] [sharedprocess] [info] Scanned user extensions: 39
[2018-10-24 12:26:08.874] [sharedprocess] [info] Scanned user extensions: 39
[2018-10-24 12:31:08.919] [sharedprocess] [info] Scanned user extensions: 39
[2018-10-24 12:36:08.971] [sharedprocess] [info] Scanned user extensions: 39
[2018-10-24 12:41:09.021] [sharedprocess] [info] Scanned user extensions: 39
[2018-10-24 12:46:09.069] [sharedprocess] [info] Scanned user extensions: 39
[2018-10-24 12:51:09.154] [sharedprocess] [info] Scanned user extensions: 39
[2018-10-24 12:56:09.214] [sharedprocess] [info] Scanned user extensions: 39
[2018-10-24 13:01:09.264] [sharedprocess] [info] Scanned user extensions: 39
[2018-10-24 13:06:09.310] [sharedprocess] [info] Scanned user extensions: 39
[2018-10-24 13:11:09.355] [sharedprocess] [info] Scanned user extensions: 39
[2018-10-24 13:16:09.404] [sharedprocess] [info] Scanned user extensions: 39
[2018-10-24 13:21:09.449] [sharedprocess] [info] Scanned user extensions: 39
[2018-10-24 13:26:09.489] [sharedprocess] [info] Scanned user extensions: 39
[2018-10-24 13:31:09.540] [sharedprocess] [info] Scanned user extensions: 39
[2018-10-24 13:36:09.583] [sharedprocess] [info] Scanned user extensions: 39
[2018-10-24 13:41:09.634] [sharedprocess] [info] Scanned user extensions: 39
[2018-10-24 13:46:09.679] [sharedprocess] [info] Scanned user extensions: 39
[2018-10-24 13:51:09.743] [sharedprocess] [info] Scanned user extensions: 39
[2018-10-24 13:56:09.786] [sharedprocess] [info] Scanned user extensions: 39
[2018-10-24 14:01:09.835] [sharedprocess] [info] Scanned user extensions: 39
[2018-10-24 14:06:09.879] [sharedprocess] [info] Scanned user extensions: 39
[2018-10-24 14:11:12.153] [sharedprocess] [info] Scanned user extensions: 39
[2018-10-24 14:16:12.581] [sharedprocess] [info] Scanned user extensions: 39
[2018-10-24 14:21:12.696] [sharedprocess] [info] Scanned user extensions: 39
[2018-10-24 14:26:12.805] [sharedprocess] [info] Scanned user extensions: 39
[2018-10-24 14:31:12.926] [sharedprocess] [info] Scanned user extensions: 39
[2018-10-24 14:36:13.067] [sharedprocess] [info] Scanned user extensions: 39
[2018-10-24 14:41:13.146] [sharedprocess] [info] Scanned user extensions: 39
[2018-10-24 14:46:13.235] [sharedprocess] [info] Scanned user extensions: 39
[2018-10-24 14:51:14.690] [sharedprocess] [info] Scanned user extensions: 39
[2018-10-24 14:56:15.066] [sharedprocess] [info] Scanned user extensions: 39
[2018-10-24 15:01:15.277] [sharedprocess] [info] Scanned user extensions: 39
[2018-10-24 15:06:15.374] [sharedprocess] [info] Scanned user extensions: 39
[2018-10-24 15:11:15.535] [sharedprocess] [info] Scanned user extensions: 39
[2018-10-24 15:16:15.662] [sharedprocess] [info] Scanned user extensions: 39
[2018-10-24 15:21:15.952] [sharedprocess] [info] Scanned user extensions: 39
[2018-10-24 15:26:16.146] [sharedprocess] [info] Scanned user extensions: 39
[2018-10-24 15:31:16.305] [sharedprocess] [info] Scanned user extensions: 39
[2018-10-24 15:36:16.400] [sharedprocess] [info] Scanned user extensions: 39
[2018-10-24 15:41:17.156] [sharedprocess] [info] Scanned user extensions: 39
[2018-10-24 15:46:17.327] [sharedprocess] [info] Scanned user extensions: 39
[2018-10-24 15:51:17.934] [sharedprocess] [info] Scanned user extensions: 39
[2018-10-24 15:56:17.985] [sharedprocess] [info] Scanned user extensions: 39
[2018-10-24 16:01:18.096] [sharedprocess] [info] Scanned user extensions: 39
[2018-10-24 16:06:18.177] [sharedprocess] [info] Scanned user extensions: 39
[2018-10-24 16:11:18.255] [sharedprocess] [info] Scanned user extensions: 39
[2018-10-24 16:16:18.386] [sharedprocess] [info] Scanned user extensions: 39
[2018-10-24 16:21:18.436] [sharedprocess] [info] Scanned user extensions: 39
[2018-10-24 16:26:18.558] [sharedprocess] [info] Scanned user extensions: 39
[2018-10-24 16:31:19.669] [sharedprocess] [info] Scanned user extensions: 39
[2018-10-24 16:36:19.721] [sharedprocess] [info] Scanned user extensions: 39
[2018-10-24 16:41:19.821] [sharedprocess] [info] Scanned user extensions: 39
[2018-10-24 16:46:19.884] [sharedprocess] [info] Scanned user extensions: 39
[2018-10-24 16:51:20.551] [sharedprocess] [info] Scanned user extensions: 39
[2018-10-24 16:56:20.595] [sharedprocess] [info] Scanned user extensions: 39
[2018-10-24 17:01:20.664] [sharedprocess] [info] Scanned user extensions: 39
[2018-10-24 17:06:20.748] [sharedprocess] [info] Scanned user extensions: 39
